<?xml version="1.0" encoding="utf-8" standalone="no"?>
<!--This file represents the results of running a test suite-->
<test-results name="D:\Project\DotNet\YZDEV20161017\Server\ServiceTest\bin\Debug\ServiceTest.dll" total="1" errors="0" failures="0" not-run="0" inconclusive="0" ignored="0" skipped="0" invalid="0" date="2016-12-10" time="14:19:52">
  <environment nunit-version="2.5.10.11092" clr-version="2.0.50727.3053" os-version="Microsoft Windows NT 5.1.2600 Service Pack 3" platform="Win32NT" cwd="C:\Documents and Settings\jasper.yue\桌面\NUnit-2.5.10.11092\bin\net-2.0" machine-name="YT00678" user="Jasper.yue" user-domain="YZ" />
  <culture-info current-culture="zh-CN" current-uiculture="zh-CN" />
  <test-suite type="Assembly" name="D:\Project\DotNet\YZDEV20161017\Server\ServiceTest\bin\Debug\ServiceTest.dll" executed="True" result="Success" success="True" time="0.874" asserts="0">
    <results>
      <test-suite type="Namespace" name="ServiceTest" executed="True" result="Success" success="True" time="0.859" asserts="0">
        <results>
          <test-suite type="TestFixture" name="TestLogin" executed="True" result="Success" success="True" time="0.859" asserts="0">
            <categories>
              <category name="login" />
            </categories>
            <results>
              <test-case name="ServiceTest.TestLogin.TestPasswordNotCorrect" executed="True" result="Success" success="True" time="0.078" asserts="0" />
            </results>
          </test-suite>
        </results>
      </test-suite>
    </results>
  </test-suite>
</test-results>