<?xml version="1.0" encoding="UTF-8" ?>
<testsuite errors="0" failures="0" hostname="yt00678" name="com.augmentum.controller.ExamControllerTest" skipped="0" tests="6" time="6.344" timestamp="2016-11-20T03:46:52">
  <properties>
    <property name="java.vendor" value="Oracle Corporation" />
    <property name="lib.dir" value="D:\Project\YZDEV20161017\OESspringMVC\WebContent\WEB-INF\lib" />
    <property name="sun.java.launcher" value="SUN_STANDARD" />
    <property name="eclipse.pdebuild.templates" value="/D:/Eclipse/eclipse/plugins/org.eclipse.pde.build_3.9.0.v20140415-2029/templates/" />
    <property name="sun.management.compiler" value="HotSpot Client Compiler" />
    <property name="env.PROMPT" value="$P$G" />
    <property name="os.name" value="Windows XP" />
    <property name="env.FP_NO_HOST_CHECK" value="NO" />
    <property name="cobertura.home" value="D:\cobertura-2.0.3" />
    <property name="sun.boot.class.path" value="C:\Program Files\Java\jdk1.7.0_51\jre\lib\resources.jar;C:\Program Files\Java\jdk1.7.0_51\jre\lib\rt.jar;C:\Program Files\Java\jdk1.7.0_51\jre\lib\sunrsasign.jar;C:\Program Files\Java\jdk1.7.0_51\jre\lib\jsse.jar;C:\Program Files\Java\jdk1.7.0_51\jre\lib\jce.jar;C:\Program Files\Java\jdk1.7.0_51\jre\lib\charsets.jar;C:\Program Files\Java\jdk1.7.0_51\jre\lib\jfr.jar;C:\Program Files\Java\jdk1.7.0_51\jre\classes" />
    <property name="env.COMPUTERNAME" value="YT00678" />
    <property name="env.ALLUSERSPROFILE" value="C:\Documents and Settings\All Users" />
    <property name="sun.desktop" value="windows" />
    <property name="java.vm.specification.vendor" value="Oracle Corporation" />
    <property name="ant.home" value="D:\apache-ant-1.9.1" />
    <property name="java.runtime.version" value="1.7.0_51-b13" />
    <property name="env.HOMEPATH" value="\Documents and Settings\jasper.yue" />
    <property name="cobertura.dir" value="D:\Project\YZDEV20161017\OESspringMVC\build\cobertura" />
    <property name="user.name" value="Jasper.yue" />
    <property name="build.dir" value="D:\Project\YZDEV20161017\OESspringMVC\build" />
    <property name="user.language" value="zh" />
    <property name="sun.boot.library.path" value="C:\Program Files\Java\jdk1.7.0_51\jre\bin" />
    <property name="build.test.classes" value="D:\Project\YZDEV20161017\OESspringMVC\build\test\classes" />
    <property name="build.test.report" value="D:\Project\YZDEV20161017\OESspringMVC\build\test\report" />
    <property name="ant.project.default-target" value="run-test" />
    <property name="ant.project.name" value="OESspringMVC" />
    <property name="java.version" value="1.7.0_51" />
    <property name="env.PROCESSOR_IDENTIFIER" value="x86 Family 6 Model 15 Stepping 13, GenuineIntel" />
    <property name="user.timezone" value="" />
    <property name="env.CLIENTNAME" value="Console" />
    <property name="env.TEMP" value="C:\DOCUME~1\jasper.yue\LOCALS~1\Temp" />
    <property name="sun.arch.data.model" value="32" />
    <property name="test.src.dir" value="D:\Project\YZDEV20161017\OESspringMVC\test" />
    <property name="java.endorsed.dirs" value="C:\Program Files\Java\jdk1.7.0_51\jre\lib\endorsed" />
    <property name="sun.cpu.isalist" value="pentium_pro+mmx pentium_pro pentium+mmx pentium i486 i386 i86" />
    <property name="env.HOMEDRIVE" value="C:" />
    <property name="sun.jnu.encoding" value="GB18030" />
    <property name="file.encoding.pkg" value="sun.io" />
    <property name="file.separator" value="\" />
    <property name="java.specification.name" value="Java Platform API Specification" />
    <property name="java.class.version" value="51.0" />
    <property name="user.country" value="CN" />
    <property name="java.home" value="C:\Program Files\Java\jdk1.7.0_51\jre" />
    <property name="env.APPDATA" value="C:\Documents and Settings\jasper.yue\Application Data" />
    <property name="java.vm.info" value="mixed mode, sharing" />
    <property name="env.CATALINA_HOME" value="D:\apache-tomcat-7.0.54" />
    <property name="env.ComSpec" value="C:\WINDOWS\system32\cmd.exe" />
    <property name="env.OS" value="Windows_NT" />
    <property name="env.CommonProgramFiles" value="C:\Program Files\Common Files" />
    <property name="ant.file" value="D:\Project\YZDEV20161017\OESspringMVC\build.xml" />
    <property name="os.version" value="5.1" />
    <property name="cobertura.class.dir" value="D:\Project\YZDEV20161017\OESspringMVC\build\cobertura\class" />
    <property name="path.separator" value=";" />
    <property name="java.vm.version" value="24.51-b03" />
    <property name="user.variant" value="" />
    <property name="env.USERPROFILE" value="C:\Documents and Settings\jasper.yue" />
    <property name="web.dir" value="D:\Project\YZDEV20161017\OESspringMVC\WebContent" />
    <property name="ant.library.dir" value="D:\apache-ant-1.9.1\lib" />
    <property name="env.JAVA_HOME" value="C:\Program Files\Java\jdk1.7.0_51" />
    <property name="java.awt.printerjob" value="sun.awt.windows.WPrinterJob" />
    <property name="env.TMP" value="C:\DOCUME~1\jasper.yue\LOCALS~1\Temp" />
    <property name="sun.io.unicode.encoding" value="UnicodeLittle" />
    <property name="awt.toolkit" value="sun.awt.windows.WToolkit" />
    <property name="user.script" value="" />
    <property name="eclipse.pdebuild.scripts" value="/D:/Eclipse/eclipse/plugins/org.eclipse.pde.build_3.9.0.v20140415-2029/scripts/" />
    <property name="user.home" value="C:\Documents and Settings\jasper.yue" />
    <property name="env.SESSIONNAME" value="Console" />
    <property name="java.specification.vendor" value="Oracle Corporation" />
    <property name="env.NUMBER_OF_PROCESSORS" value="2" />
    <property name="java.library.path" value="C:\Program Files\Java\jdk1.7.0_51\jre\bin;C:\WINDOWS\Sun\Java\bin;C:\WINDOWS\system32;C:\WINDOWS;C:/Program Files/Java/jre7/bin/client;C:/Program Files/Java/jre7/bin;C:/Program Files/Java/jre7/lib/i386;D:\Git\git-cheetah\..\bin;C:\WINDOWS\system32;C:\WINDOWS;C:\WINDOWS\System32\Wbem;C:\Program Files\Java\jdk1.7.0_51\bin;C:\Program Files\Java\jdk1.7.0_51\lib\dt.jar;D:\MySQL\MySQL Server 5.1\bin;D:\apache-tomcat-7.0.54\bin;D:\Git\cmd;D:\Git\bin;D:\TortoiseGit\bin;D:\apache-ant-1.9.1\bin;;D:\Eclipse\eclipse;;." />
    <property name="java.vendor.url" value="http://java.oracle.com/" />
    <property name="env.USERDNSDOMAIN" value="YZ.AUGMENTUM.COM.CN" />
    <property name="java.vm.vendor" value="Oracle Corporation" />
    <property name="cobertura.lib.dir" value="D:\cobertura-2.0.3\lib" />
    <property name="java.runtime.name" value="Java(TM) SE Runtime Environment" />
    <property name="ant.version" value="Apache Ant(TM) version 1.9.1 compiled on May 15 2013" />
    <property name="sun.java.command" value="org.apache.tools.ant.taskdefs.optional.junit.JUnitTestRunner com.augmentum.controller.ExamControllerTest filtertrace=true haltOnError=false haltOnFailure=false showoutput=false outputtoformatters=true logfailedtests=true logtestlistenerevents=false formatter=org.apache.tools.ant.taskdefs.optional.junit.XMLJUnitResultFormatter,D:\Project\YZDEV20161017\OESspringMVC\build\test\report\TEST-com.augmentum.controller.ExamControllerTest.xml crashfile=D:\Project\YZDEV20161017\OESspringMVC\junitvmwatcher7528615318031079565.properties propsfile=D:\Project\YZDEV20161017\OESspringMVC\junit759787207876926882.properties" />
    <property name="java.class.path" value="D:\Project\YZDEV20161017\OESspringMVC\build\cobertura\class;D:\Project\YZDEV20161017\OESspringMVC\build\classes;D:\Project\YZDEV20161017\OESspringMVC\build\test\classes;D:\Project\YZDEV20161017\OESspringMVC\WebContent\WEB-INF\lib\aopalliance-1.0.jar;D:\Project\YZDEV20161017\OESspringMVC\WebContent\WEB-INF\lib\aspectjrt-1.7.3.jar;D:\Project\YZDEV20161017\OESspringMVC\WebContent\WEB-INF\lib\aspectjweaver-1.7.3.jar;D:\Project\YZDEV20161017\OESspringMVC\WebContent\WEB-INF\lib\c3p0-0.9.2.1.jar;D:\Project\YZDEV20161017\OESspringMVC\WebContent\WEB-INF\lib\cglib-nodep-2.2.jar;D:\Project\YZDEV20161017\OESspringMVC\WebContent\WEB-INF\lib\cobertura-2.0.3.jar;D:\Project\YZDEV20161017\OESspringMVC\WebContent\WEB-INF\lib\commons-beanutils-1.8.3.jar;D:\Project\YZDEV20161017\OESspringMVC\WebContent\WEB-INF\lib\commons-digester-2.0.jar;D:\Project\YZDEV20161017\OESspringMVC\WebContent\WEB-INF\lib\commons-logging-1.1.1.jar;D:\Project\YZDEV20161017\OESspringMVC\WebContent\WEB-INF\lib\jackson-core-lgpl-1.8.1.jar;D:\Project\YZDEV20161017\OESspringMVC\WebContent\WEB-INF\lib\jackson-mapper-lgpl-1.8.1.jar;D:\Project\YZDEV20161017\OESspringMVC\WebContent\WEB-INF\lib\junit-4.6.jar;D:\Project\YZDEV20161017\OESspringMVC\WebContent\WEB-INF\lib\log4j-1.2.13.jar;D:\Project\YZDEV20161017\OESspringMVC\WebContent\WEB-INF\lib\mchange-commons-java-0.2.3.4.jar;D:\Project\YZDEV20161017\OESspringMVC\WebContent\WEB-INF\lib\mybatis-3.2.0.jar;D:\Project\YZDEV20161017\OESspringMVC\WebContent\WEB-INF\lib\mybatis-spring-1.2.0.jar;D:\Project\YZDEV20161017\OESspringMVC\WebContent\WEB-INF\lib\mysql-connector-java-5.1.18.jar;D:\Project\YZDEV20161017\OESspringMVC\WebContent\WEB-INF\lib\spring-aop-3.1.1.RELEASE.jar;D:\Project\YZDEV20161017\OESspringMVC\WebContent\WEB-INF\lib\spring-asm-3.1.1.RELEASE.jar;D:\Project\YZDEV20161017\OESspringMVC\WebContent\WEB-INF\lib\spring-beans-3.1.1.RELEASE.jar;D:\Project\YZDEV20161017\OESspringMVC\WebContent\WEB-INF\lib\spring-context-3.1.1.RELEASE.jar;D:\Project\YZDEV20161017\OESspringMVC\WebContent\WEB-INF\lib\spring-context-support-3.1.1.RELEASE.jar;D:\Project\YZDEV20161017\OESspringMVC\WebContent\WEB-INF\lib\spring-core-3.1.1.RELEASE.jar;D:\Project\YZDEV20161017\OESspringMVC\WebContent\WEB-INF\lib\spring-expression-3.1.1.RELEASE.jar;D:\Project\YZDEV20161017\OESspringMVC\WebContent\WEB-INF\lib\spring-jdbc-3.1.1.RELEASE.jar;D:\Project\YZDEV20161017\OESspringMVC\WebContent\WEB-INF\lib\spring-test-3.2.3.RELEASE.jar;D:\Project\YZDEV20161017\OESspringMVC\WebContent\WEB-INF\lib\spring-tx-3.1.1.RELEASE.jar;D:\Project\YZDEV20161017\OESspringMVC\WebContent\WEB-INF\lib\spring-web-3.1.1.RELEASE.jar;D:\Project\YZDEV20161017\OESspringMVC\WebContent\WEB-INF\lib\spring-webmvc-3.1.1.RELEASE.jar;D:\Project\YZDEV20161017\OESspringMVC\WebContent\WEB-INF\lib\xstream-1.4.2.jar;D:\apache-tomcat-7.0.54\lib\annotations-api.jar;D:\apache-tomcat-7.0.54\lib\catalina-ant.jar;D:\apache-tomcat-7.0.54\lib\catalina-ha.jar;D:\apache-tomcat-7.0.54\lib\catalina-tribes.jar;D:\apache-tomcat-7.0.54\lib\catalina.jar;D:\apache-tomcat-7.0.54\lib\ecj-P20140317-1600.jar;D:\apache-tomcat-7.0.54\lib\el-api.jar;D:\apache-tomcat-7.0.54\lib\jasper-el.jar;D:\apache-tomcat-7.0.54\lib\jasper.jar;D:\apache-tomcat-7.0.54\lib\jsp-api.jar;D:\apache-tomcat-7.0.54\lib\servlet-api.jar;D:\apache-tomcat-7.0.54\lib\tomcat-api.jar;D:\apache-tomcat-7.0.54\lib\tomcat-coyote.jar;D:\apache-tomcat-7.0.54\lib\tomcat-dbcp.jar;D:\apache-tomcat-7.0.54\lib\tomcat-i18n-es.jar;D:\apache-tomcat-7.0.54\lib\tomcat-i18n-fr.jar;D:\apache-tomcat-7.0.54\lib\tomcat-i18n-ja.jar;D:\apache-tomcat-7.0.54\lib\tomcat-jdbc.jar;D:\apache-tomcat-7.0.54\lib\tomcat-util.jar;D:\apache-tomcat-7.0.54\lib\tomcat7-websocket.jar;D:\apache-tomcat-7.0.54\lib\websocket-api.jar;D:\cobertura-2.0.3\lib\asm-4.1.jar;D:\cobertura-2.0.3\lib\asm-analysis-4.1.jar;D:\cobertura-2.0.3\lib\asm-commons-4.1.jar;D:\cobertura-2.0.3\lib\asm-tree-4.1.jar;D:\cobertura-2.0.3\lib\asm-util-4.1.jar;D:\cobertura-2.0.3\lib\dom4j-1.6.1.jar;D:\cobertura-2.0.3\lib\icu4j-2.6.1.jar;D:\cobertura-2.0.3\lib\jaxen-1.1-beta-8.jar;D:\cobertura-2.0.3\lib\jdom-1.0.jar;D:\cobertura-2.0.3\lib\jetty-6.1.14.jar;D:\cobertura-2.0.3\lib\jetty-util-6.1.14.jar;D:\cobertura-2.0.3\lib\log4j-1.2.9.jar;D:\cobertura-2.0.3\lib\oro-2.0.8.jar;D:\cobertura-2.0.3\lib\servlet-api-2.5-6.1.14.jar;D:\cobertura-2.0.3\lib\tagsoup-0.9.7.jar;D:\cobertura-2.0.3\lib\xmlParserAPIs-2.6.2.jar;D:\cobertura-2.0.3\lib\xom-1.0b3.jar;D:\apache-ant-1.9.1\lib\ant-launcher.jar;D:\apache-ant-1.9.1\lib\ant.jar;D:\apache-ant-1.9.1\lib\ant-junit.jar;D:\apache-ant-1.9.1\lib\ant-junit4.jar" />
    <property name="cobertura.html.dir" value="D:\Project\YZDEV20161017\OESspringMVC\build\cobertura\html" />
    <property name="java.vm.specification.name" value="Java Virtual Machine Specification" />
    <property name="env.LOGONSERVER" value="\\AD" />
    <property name="env.windir" value="C:\WINDOWS" />
    <property name="java.vm.specification.version" value="1.7" />
    <property name="env.CLASS_PATH" value=".;C:\Program Files\Java\jdk1.7.0_51\lib\dt.jar;C:\Program Files\Java\jdk1.7.0_51\lib\tools.jar" />
    <property name="env.PROCESSOR_ARCHITECTURE" value="x86" />
    <property name="build.classes" value="D:\Project\YZDEV20161017\OESspringMVC\build\classes" />
    <property name="sun.os.patch.level" value="Service Pack 3" />
    <property name="sun.cpu.endian" value="little" />
    <property name="env.ProgramFiles" value="C:\Program Files" />
    <property name="env.ANT_HOME" value="D:\apache-ant-1.9.1" />
    <property name="env.PROCESSOR_REVISION" value="0f0d" />
    <property name="eclipse.pdebuild.home" value="/D:/Eclipse/eclipse/plugins/org.eclipse.pde.build_3.9.0.v20140415-2029/./" />
    <property name="java.io.tmpdir" value="C:\DOCUME~1\jasper.yue\LOCALS~1\Temp\" />
    <property name="java.vendor.url.bug" value="http://bugreport.sun.com/bugreport/" />
    <property name="env.SystemRoot" value="C:\WINDOWS" />
    <property name="conf.dir" value="D:\Project\YZDEV20161017\OESspringMVC\config" />
    <property name="java.awt.graphicsenv" value="sun.awt.Win32GraphicsEnvironment" />
    <property name="os.arch" value="x86" />
    <property name="java.ext.dirs" value="C:\Program Files\Java\jdk1.7.0_51\jre\lib\ext;C:\WINDOWS\Sun\Java\lib\ext" />
    <property name="user.dir" value="D:\Project\YZDEV20161017\OESspringMVC" />
    <property name="line.separator" value="&#xd;&#xa;" />
    <property name="build.test.dir" value="D:\Project\YZDEV20161017\OESspringMVC\build\test" />
    <property name="java.vm.name" value="Java HotSpot(TM) Client VM" />
    <property name="env.PATHEXT" value=".COM;.EXE;.BAT;.CMD;.VBS;.VBE;.JS;.JSE;.WSF;.WSH" />
    <property name="env.Path" value="C:/Program Files/Java/jre7/bin/client;C:/Program Files/Java/jre7/bin;C:/Program Files/Java/jre7/lib/i386;D:\Git\git-cheetah\..\bin;C:\WINDOWS\system32;C:\WINDOWS;C:\WINDOWS\System32\Wbem;C:\Program Files\Java\jdk1.7.0_51\bin;C:\Program Files\Java\jdk1.7.0_51\lib\dt.jar;D:\MySQL\MySQL Server 5.1\bin;D:\apache-tomcat-7.0.54\bin;D:\Git\cmd;D:\Git\bin;D:\TortoiseGit\bin;D:\apache-ant-1.9.1\bin;;D:\Eclipse\eclipse;" />
    <property name="basedir" value="D:\Project\YZDEV20161017\OESspringMVC" />
    <property name="ant.java.version" value="1.7" />
    <property name="ant.file.OESspringMVC" value="D:\Project\YZDEV20161017\OESspringMVC\build.xml" />
    <property name="ant.core.lib" value="D:\apache-ant-1.9.1\lib\ant.jar" />
    <property name="env.USERNAME" value="Jasper.yue" />
    <property name="env.SystemDrive" value="C:" />
    <property name="file.encoding" value="GB18030" />
    <property name="ant.file.type.OESspringMVC" value="file" />
    <property name="env.USERDOMAIN" value="YZ" />
    <property name="java.specification.version" value="1.7" />
    <property name="src.dir" value="D:\Project\YZDEV20161017\OESspringMVC\src" />
    <property name="ant.project.invoked-targets" value="run-test" />
    <property name="env.PROCESSOR_LEVEL" value="6" />
  </properties>
  <testcase classname="com.augmentum.controller.ExamControllerTest" name="addExamSaveAsDraft" time="6.046" />
  <testcase classname="com.augmentum.controller.ExamControllerTest" name="addExamAsDraftSuccessful" time="0.172" />
  <testcase classname="com.augmentum.controller.ExamControllerTest" name="addExamValidationLengthFailed" time="0.0" />
  <testcase classname="com.augmentum.controller.ExamControllerTest" name="queryExamListSuccessful" time="0.031" />
  <testcase classname="com.augmentum.controller.ExamControllerTest" name="addExamValidationFailed" time="0.0" />
  <testcase classname="com.augmentum.controller.ExamControllerTest" name="addExamSuccessful" time="0.032" />
  <system-out><![CDATA[2016-11-20 11:46:53,031 INFO  XmlBeanDefinitionReader - Loading XML bean definitions from class path resource [applicationContext.xml]
2016-11-20 11:46:53,422 INFO  XmlBeanDefinitionReader - Loading XML bean definitions from class path resource [oes-mvc.xml]
2016-11-20 11:46:53,594 INFO  ClassPathBeanDefinitionScanner - JSR-250 'javax.annotation.ManagedBean' found and supported for component scanning
2016-11-20 11:46:53,734 INFO  GenericApplicationContext - Refreshing org.springframework.context.support.GenericApplicationContext@16c31dc: startup date [Sun Nov 20 11:46:53 CST 2016]; root of context hierarchy
2016-11-20 11:46:54,031 INFO  PropertyPlaceholderConfigurer - Loading properties file from class path resource [app.properties]
2016-11-20 11:46:54,125 INFO  DefaultListableBeanFactory - Pre-instantiating singletons in org.springframework.beans.factory.support.DefaultListableBeanFactory@1367092: defining beans [org.springframework.beans.factory.config.PropertyPlaceholderConfigurer#0,dataSource,transactionManager,txAdvice,org.springframework.aop.config.internalAutoProxyCreator,org.springframework.aop.aspectj.AspectJPointcutAdvisor#0,org.springframework.aop.aspectj.AspectJPointcutAdvisor#1,org.springframework.aop.aspectj.AspectJPointcutAdvisor#2,org.springframework.aop.aspectj.AspectJPointcutAdvisor#3,businessService,logMethodTimeAdvice,userController,userService,questionController,questionService,examController,examService,sqlSessionFactory,sqlSessionTemplate,baseDao,userDao,examDao,questionDao,org.springframework.web.servlet.mvc.method.annotation.RequestMappingHandlerMapping#0,org.springframework.format.support.FormattingConversionServiceFactoryBean#0,org.springframework.web.servlet.mvc.method.annotation.RequestMappingHandlerAdapter#0,org.springframework.web.servlet.handler.MappedInterceptor#0,org.springframework.web.servlet.mvc.method.annotation.ExceptionHandlerExceptionResolver#0,org.springframework.web.servlet.mvc.annotation.ResponseStatusExceptionResolver#0,org.springframework.web.servlet.mvc.support.DefaultHandlerExceptionResolver#0,org.springframework.web.servlet.handler.BeanNameUrlHandlerMapping,org.springframework.web.servlet.mvc.HttpRequestHandlerAdapter,org.springframework.web.servlet.mvc.SimpleControllerHandlerAdapter,org.springframework.web.servlet.resource.ResourceHttpRequestHandler#0,org.springframework.web.servlet.handler.SimpleUrlHandlerMapping#0,org.springframework.context.annotation.internalConfigurationAnnotationProcessor,org.springframework.context.annotation.internalAutowiredAnnotationProcessor,org.springframework.context.annotation.internalRequiredAnnotationProcessor,org.springframework.context.annotation.internalCommonAnnotationProcessor,viewResolver,org.springframework.context.annotation.ConfigurationClassPostProcessor$ImportAwareBeanPostProcessor#0]; root of factory hierarchy
2016-11-20 11:46:54,578 INFO  MLog - MLog clients using log4j logging.
2016-11-20 11:46:54,781 INFO  C3P0Registry - Initializing c3p0-0.9.2.1 [built 20-March-2013 10:47:27 +0000; debug? true; trace: 10]
2016-11-20 11:46:56,016 INFO  AbstractPoolBackedDataSource - Initializing c3p0 pool... com.mchange.v2.c3p0.ComboPooledDataSource [ acquireIncrement -> 3, acquireRetryAttempts -> 30, acquireRetryDelay -> 1000, autoCommitOnClose -> false, automaticTestTable -> null, breakAfterAcquireFailure -> false, checkoutTimeout -> 0, connectionCustomizerClassName -> null, connectionTesterClassName -> com.mchange.v2.c3p0.impl.DefaultConnectionTester, dataSourceName -> 31t9vp9kzgzw9t1k78c9c|114de83, debugUnreturnedConnectionStackTraces -> false, description -> null, driverClass -> com.mysql.jdbc.Driver, factoryClassLocation -> null, forceIgnoreUnresolvedTransactions -> false, identityToken -> 31t9vp9kzgzw9t1k78c9c|114de83, idleConnectionTestPeriod -> 0, initialPoolSize -> 5, jdbcUrl -> jdbc:mysql://localhost:3306/oes?useUnicode=true&characterEncoding=utf-8&allowMultiQueries=true, maxAdministrativeTaskTime -> 0, maxConnectionAge -> 0, maxIdleTime -> 0, maxIdleTimeExcessConnections -> 0, maxPoolSize -> 20, maxStatements -> 0, maxStatementsPerConnection -> 0, minPoolSize -> 5, numHelperThreads -> 3, preferredTestQuery -> null, properties -> {user=******, password=******}, propertyCycle -> 0, statementCacheNumDeferredCloseThreads -> 0, testConnectionOnCheckin -> false, testConnectionOnCheckout -> false, unreturnedConnectionTimeout -> 0, userOverrides -> {}, usesTraditionalReflectiveProxies -> false ]
2016-11-20 11:46:57,391 INFO  RequestMappingHandlerMapping - Mapped "{[/page/user/logout],methods=[GET],params=[],headers=[],consumes=[],produces=[],custom=[]}" onto public org.springframework.web.servlet.ModelAndView com.augmentum.controller.UserController.logout()
2016-11-20 11:46:57,391 INFO  RequestMappingHandlerMapping - Mapped "{[/page/user/login],methods=[GET],params=[],headers=[],consumes=[],produces=[],custom=[]}" onto public org.springframework.web.servlet.ModelAndView com.augmentum.controller.UserController.toLogin(java.lang.String)
2016-11-20 11:46:57,391 INFO  RequestMappingHandlerMapping - Mapped "{[/page/user/login],methods=[POST],params=[],headers=[],consumes=[],produces=[],custom=[]}" onto public org.springframework.web.servlet.ModelAndView com.augmentum.controller.UserController.login(com.augmentum.model.User,javax.servlet.http.HttpServletResponse,java.lang.String,java.lang.String,java.lang.String,javax.servlet.http.Cookie,javax.servlet.http.Cookie) throws javax.servlet.ServletException,java.io.IOException
2016-11-20 11:46:57,391 INFO  RequestMappingHandlerMapping - Mapped "{[/page/question/toEdit],methods=[POST],params=[],headers=[],consumes=[],produces=[],custom=[]}" onto public java.lang.Object com.augmentum.controller.QuestionController.toEdit(java.lang.String,com.augmentum.model.Question) throws java.io.IOException
2016-11-20 11:46:57,391 INFO  RequestMappingHandlerMapping - Mapped "{[/page/question/addOrEditQuestion],methods=[POST],params=[],headers=[],consumes=[],produces=[],custom=[]}" onto public java.lang.Object com.augmentum.controller.QuestionController.addOrEditQuestion(com.augmentum.model.Question)
2016-11-20 11:46:57,391 INFO  RequestMappingHandlerMapping - Mapped "{[/page/question/toQuestionList],methods=[GET],params=[],headers=[],consumes=[],produces=[],custom=[]}" onto public org.springframework.web.servlet.ModelAndView com.augmentum.controller.QuestionController.toQuestionList()
2016-11-20 11:46:57,391 INFO  RequestMappingHandlerMapping - Mapped "{[/page/question/queryQuestionList],methods=[POST],params=[],headers=[],consumes=[],produces=[],custom=[]}" onto public java.lang.Object com.augmentum.controller.QuestionController.queryQuestionList(java.lang.String,java.lang.String,java.lang.String,java.lang.String)
2016-11-20 11:46:57,391 INFO  RequestMappingHandlerMapping - Mapped "{[/page/question/deleteQuestion],methods=[POST],params=[],headers=[],consumes=[],produces=[],custom=[]}" onto public java.lang.Object com.augmentum.controller.QuestionController.deleteQuestion(java.lang.String[])
2016-11-20 11:46:57,391 INFO  RequestMappingHandlerMapping - Mapped "{[/page/exam/queryExamList],methods=[POST],params=[],headers=[],consumes=[],produces=[],custom=[]}" onto public java.lang.Object com.augmentum.controller.ExamController.queryExamList(java.lang.String,java.lang.String,java.lang.String,java.lang.String,java.lang.String,java.lang.String)
2016-11-20 11:46:57,391 INFO  RequestMappingHandlerMapping - Mapped "{[/page/exam/addExam],methods=[POST],params=[],headers=[],consumes=[],produces=[],custom=[]}" onto public java.lang.Object com.augmentum.controller.ExamController.addExam(java.lang.String,java.lang.String,java.lang.String,java.lang.String,java.lang.String,java.lang.String,java.lang.String,java.lang.String,java.lang.Boolean,java.lang.String,java.lang.String)
2016-11-20 11:46:58,469 INFO  SimpleUrlHandlerMapping - Mapped URL path [/static/**] onto handler 'org.springframework.web.servlet.resource.ResourceHttpRequestHandler#0'
2016-11-20 11:46:58,609 INFO  TransactionalTestExecutionListener - Began transaction (1): transaction manager [org.springframework.jdbc.datasource.DataSourceTransactionManager@7d6e53]; rollback [true]
2016-11-20 11:46:58,625 INFO  LogMethodTimeAspect - Jasper.Yue IN method: addExam
2016-11-20 11:46:58,734 DEBUG getQuestionCount - ooo Using Connection [com.mchange.v2.c3p0.impl.NewProxyConnection@84c504]
2016-11-20 11:46:58,750 DEBUG getQuestionCount - ==>  Preparing: SELECT COUNT(*) FROM question WHERE del_mark = 0 AND title LIKE ? 
2016-11-20 11:46:58,812 DEBUG getQuestionCount - ==> Parameters: %%(String)
2016-11-20 11:46:58,844 INFO  LogMethodTimeAspect - Jasper.Yue OUT method: addExam
2016-11-20 11:46:58,844 INFO  LogMethodTimeAspect - Jasper.Yue IN method: addExam Throw Exception Sorry, the question is not enough in the system!
2016-11-20 11:46:58,859 INFO  BaseController - com.augmentum.model.User@af3ba1Sorry, the question is not enough in the system!
com.augmentum.exception.ServiceException: Sorry, the question is not enough in the system!
	at com.augmentum.service.impl.ExamServiceImpl.addExam(ExamServiceImpl.java:84)
	at com.augmentum.service.impl.ExamServiceImpl$$FastClassByCGLIB$$630b3673.invoke(<generated>)
	at net.sf.cglib.proxy.MethodProxy.invoke(MethodProxy.java:191)
	at org.springframework.aop.framework.Cglib2AopProxy$CglibMethodInvocation.invokeJoinpoint(Cglib2AopProxy.java:689)
	at org.springframework.aop.framework.ReflectiveMethodInvocation.proceed(ReflectiveMethodInvocation.java:150)
	at org.springframework.aop.framework.adapter.MethodBeforeAdviceInterceptor.invoke(MethodBeforeAdviceInterceptor.java:50)
	at org.springframework.aop.framework.ReflectiveMethodInvocation.proceed(ReflectiveMethodInvocation.java:172)
	at org.springframework.aop.aspectj.MethodInvocationProceedingJoinPoint.proceed(MethodInvocationProceedingJoinPoint.java:80)
	at com.augmentum.advice.LogMethodTimeAspect.doAround(LogMethodTimeAspect.java:31)
	at sun.reflect.NativeMethodAccessorImpl.invoke0(Native Method)
	at sun.reflect.NativeMethodAccessorImpl.invoke(NativeMethodAccessorImpl.java:57)
	at sun.reflect.DelegatingMethodAccessorImpl.invoke(DelegatingMethodAccessorImpl.java:43)
	at java.lang.reflect.Method.invoke(Method.java:606)
	at org.springframework.aop.aspectj.AbstractAspectJAdvice.invokeAdviceMethodWithGivenArgs(AbstractAspectJAdvice.java:621)
	at org.springframework.aop.aspectj.AbstractAspectJAdvice.invokeAdviceMethod(AbstractAspectJAdvice.java:610)
	at org.springframework.aop.aspectj.AspectJAroundAdvice.invoke(AspectJAroundAdvice.java:65)
	at org.springframework.aop.framework.ReflectiveMethodInvocation.proceed(ReflectiveMethodInvocation.java:172)
	at org.springframework.aop.aspectj.AspectJAfterAdvice.invoke(AspectJAfterAdvice.java:42)
	at org.springframework.aop.framework.ReflectiveMethodInvocation.proceed(ReflectiveMethodInvocation.java:172)
	at org.springframework.aop.aspectj.AspectJAfterThrowingAdvice.invoke(AspectJAfterThrowingAdvice.java:55)
	at org.springframework.aop.framework.ReflectiveMethodInvocation.proceed(ReflectiveMethodInvocation.java:172)
	at org.springframework.aop.interceptor.ExposeInvocationInterceptor.invoke(ExposeInvocationInterceptor.java:90)
	at org.springframework.aop.framework.ReflectiveMethodInvocation.proceed(ReflectiveMethodInvocation.java:172)
	at org.springframework.aop.framework.Cglib2AopProxy$DynamicAdvisedInterceptor.intercept(Cglib2AopProxy.java:622)
	at com.augmentum.service.impl.ExamServiceImpl$$EnhancerByCGLIB$$e29900f1.addExam(<generated>)
	at com.augmentum.controller.ExamController.addExam(ExamController.java:76)
	at com.augmentum.controller.ExamControllerTest.addExamSaveAsDraft(Unknown Source)
	at sun.reflect.NativeMethodAccessorImpl.invoke0(Native Method)
	at sun.reflect.NativeMethodAccessorImpl.invoke(NativeMethodAccessorImpl.java:57)
	at sun.reflect.DelegatingMethodAccessorImpl.invoke(DelegatingMethodAccessorImpl.java:43)
	at java.lang.reflect.Method.invoke(Method.java:606)
	at org.junit.runners.model.FrameworkMethod$1.runReflectiveCall(FrameworkMethod.java:44)
	at org.junit.internal.runners.model.ReflectiveCallable.run(ReflectiveCallable.java:15)
	at org.junit.runners.model.FrameworkMethod.invokeExplosively(FrameworkMethod.java:41)
	at org.junit.internal.runners.statements.InvokeMethod.evaluate(InvokeMethod.java:20)
	at org.junit.internal.runners.statements.RunBefores.evaluate(RunBefores.java:28)
	at org.springframework.test.context.junit4.statements.RunBeforeTestMethodCallbacks.evaluate(RunBeforeTestMethodCallbacks.java:74)
	at org.junit.internal.runners.statements.RunAfters.evaluate(RunAfters.java:31)
	at org.springframework.test.context.junit4.statements.RunAfterTestMethodCallbacks.evaluate(RunAfterTestMethodCallbacks.java:83)
	at org.springframework.test.context.junit4.statements.SpringRepeat.evaluate(SpringRepeat.java:72)
	at org.springframework.test.context.junit4.SpringJUnit4ClassRunner.runChild(SpringJUnit4ClassRunner.java:231)
	at org.springframework.test.context.junit4.SpringJUnit4ClassRunner.runChild(SpringJUnit4ClassRunner.java:88)
	at org.junit.runners.ParentRunner.runChildren(ParentRunner.java:180)
	at org.junit.runners.ParentRunner.access$000(ParentRunner.java:41)
	at org.junit.runners.ParentRunner$1.evaluate(ParentRunner.java:173)
	at org.junit.internal.runners.statements.RunBefores.evaluate(RunBefores.java:28)
	at org.springframework.test.context.junit4.statements.RunBeforeTestClassCallbacks.evaluate(RunBeforeTestClassCallbacks.java:61)
	at org.junit.internal.runners.statements.RunAfters.evaluate(RunAfters.java:31)
	at org.springframework.test.context.junit4.statements.RunAfterTestClassCallbacks.evaluate(RunAfterTestClassCallbacks.java:71)
	at org.junit.runners.ParentRunner.run(ParentRunner.java:220)
	at org.springframework.test.context.junit4.SpringJUnit4ClassRunner.run(SpringJUnit4ClassRunner.java:174)
	at junit.framework.JUnit4TestAdapter.run(JUnit4TestAdapter.java:39)
	at org.apache.tools.ant.taskdefs.optional.junit.JUnitTestRunner.run(JUnitTestRunner.java:523)
	at org.apache.tools.ant.taskdefs.optional.junit.JUnitTestRunner.launch(JUnitTestRunner.java:1063)
	at org.apache.tools.ant.taskdefs.optional.junit.JUnitTestRunner.main(JUnitTestRunner.java:914)
2016-11-20 11:46:58,859 INFO  TransactionalTestExecutionListener - Rolled back transaction after test execution for test context [TestContext@443007 testClass = ExamControllerTest, testInstance = com.augmentum.controller.ExamControllerTest@ad3a7a, testMethod = addExamSaveAsDraft@ExamControllerTest, testException = [null], mergedContextConfiguration = [MergedContextConfiguration@da3058 testClass = ExamControllerTest, locations = '{classpath:applicationContext.xml, classpath:oes-mvc.xml}', classes = '{}', contextInitializerClasses = '[]', activeProfiles = '{}', contextLoader = 'org.springframework.test.context.support.DelegatingSmartContextLoader', parent = [null]]]
2016-11-20 11:46:58,859 INFO  TransactionalTestExecutionListener - Began transaction (2): transaction manager [org.springframework.jdbc.datasource.DataSourceTransactionManager@7d6e53]; rollback [true]
2016-11-20 11:46:58,859 INFO  LogMethodTimeAspect - Jasper.Yue IN method: addExam
2016-11-20 11:46:58,859 DEBUG getQuestionCount - ooo Using Connection [com.mchange.v2.c3p0.impl.NewProxyConnection@1b241c1]
2016-11-20 11:46:58,859 DEBUG getQuestionCount - ==>  Preparing: SELECT COUNT(*) FROM question WHERE del_mark = 0 AND title LIKE ? 
2016-11-20 11:46:58,859 DEBUG getQuestionCount - ==> Parameters: %%(String)
2016-11-20 11:46:58,875 DEBUG findQuestionIdList - ooo Using Connection [com.mchange.v2.c3p0.impl.NewProxyConnection@1b241c1]
2016-11-20 11:46:58,875 DEBUG findQuestionIdList - ==>  Preparing: SELECT id, answer, refer_mark FROM question ORDER BY RAND() LIMIT ? 
2016-11-20 11:46:58,875 DEBUG findQuestionIdList - ==> Parameters: 100(Integer)
2016-11-20 11:46:58,953 DEBUG batchEditQuestion - ooo Using Connection [com.mchange.v2.c3p0.impl.NewProxyConnection@1b241c1]
2016-11-20 11:46:58,953 DEBUG batchEditQuestion - ==>  Preparing: UPDATE question SET refer_mark = 1 WHERE id IN ( ? , ? , ? , ? , ? , ? , ? , ? , ? , ? , ? , ? , ? , ? , ? , ? , ? , ? , ? , ? , ? , ? , ? , ? , ? , ? , ? , ? , ? , ? , ? , ? , ? , ? , ? , ? , ? , ? , ? , ? , ? , ? , ? , ? , ? , ? , ? , ? , ? , ? , ? , ? , ? , ? , ? , ? , ? , ? , ? , ? , ? , ? , ? , ? , ? , ? , ? , ? , ? , ? , ? , ? , ? , ? , ? , ? , ? , ? , ? , ? , ? ) 
2016-11-20 11:46:58,969 DEBUG batchEditQuestion - ==> Parameters: 77(Integer), 55(Integer), 20(Integer), 42(Integer), 15(Integer), 38(Integer), 27(Integer), 95(Integer), 91(Integer), 92(Integer), 106(Integer), 90(Integer), 5(Integer), 51(Integer), 81(Integer), 96(Integer), 11(Integer), 93(Integer), 52(Integer), 18(Integer), 7(Integer), 80(Integer), 39(Integer), 40(Integer), 66(Integer), 12(Integer), 8(Integer), 62(Integer), 6(Integer), 59(Integer), 24(Integer), 54(Integer), 76(Integer), 79(Integer), 21(Integer), 43(Integer), 23(Integer), 2(Integer), 71(Integer), 25(Integer), 26(Integer), 50(Integer), 16(Integer), 48(Integer), 14(Integer), 19(Integer), 63(Integer), 65(Integer), 17(Integer), 41(Integer), 32(Integer), 53(Integer), 37(Integer), 29(Integer), 31(Integer), 61(Integer), 99(Integer), 58(Integer), 57(Integer), 36(Integer), 34(Integer), 67(Integer), 94(Integer), 9(Integer), 28(Integer), 70(Integer), 68(Integer), 49(Integer), 105(Integer), 69(Integer), 64(Integer), 78(Integer), 13(Integer), 33(Integer), 10(Integer), 22(Integer), 30(Integer), 56(Integer), 47(Integer), 72(Integer), 35(Integer)
2016-11-20 11:46:58,969 DEBUG addExam - ooo Using Connection [com.mchange.v2.c3p0.impl.NewProxyConnection@1b241c1]
2016-11-20 11:46:58,969 DEBUG addExam - ==>  Preparing: INSERT INTO exam(name, description, single_score, total_score, pass_criteria, need_quantity, fact_quantity, effective_time, duration, creator, answer_str, status, create_time, update_time) VALUES(?, '', ?, ?, ?, ?, ?, str_to_date(?, '%Y-%m-%d %H:%i'), ?, ?, ?, ?, now(), now()) 
2016-11-20 11:46:58,969 DEBUG addExam - ==> Parameters: Test(String), 2.0(Float), 100.0(Float), 60(Integer), 100(Integer), 81(Integer), 2016-11-01 11:00(String), 120(Integer), Jasper.Yue(String), 1,1&2,1&3,1&4,1&5,1&6,3&7,1&8,2&9,1&10,2&11,1&12,2&13,2&14,4&15,1&16,1&17,2&18,1&19,1&20,2&21,3&22,1&23,1&24,1&25,1&26,1&27,2&28,4&29,3&30,1&31,4&32,3&33,1&34,1&35,1&36,1&37,1&38,2&39,2&40,3&41,1&42,3&43,1&44,1&45,1&46,2&47,1&48,1&49,3&50,1&51,2&52,3&53,1&54,1&55,1&56,1&57,3&58,1&59,3&60,1&61,1&62,1&63,1&64,1&65,1&66,1&67,1&68,1&69,1&70,2&71,1&72,1&73,2&74,1&75,3&76,1&77,4&78,3&79,1&80,3&81,1(String), 0(Integer)
2016-11-20 11:46:58,984 DEBUG editExam - ooo Using Connection [com.mchange.v2.c3p0.impl.NewProxyConnection@1b241c1]
2016-11-20 11:46:58,984 DEBUG editExam - ==>  Preparing: UPDATE exam SET num = ? WHERE id = ? 
2016-11-20 11:46:58,984 DEBUG editExam - ==> Parameters: E000045(String), 45(Integer)
2016-11-20 11:46:59,000 DEBUG batchInsertQuestionToPaper - ooo Using Connection [com.mchange.v2.c3p0.impl.NewProxyConnection@1b241c1]
2016-11-20 11:46:59,000 DEBUG batchInsertQuestionToPaper - ==>  Preparing: INSERT exam_question(exam_id, question_id) VALUES (?,?) , (?,?) , (?,?) , (?,?) , (?,?) , (?,?) , (?,?) , (?,?) , (?,?) , (?,?) , (?,?) , (?,?) , (?,?) , (?,?) , (?,?) , (?,?) , (?,?) , (?,?) , (?,?) , (?,?) , (?,?) , (?,?) , (?,?) , (?,?) , (?,?) , (?,?) , (?,?) , (?,?) , (?,?) , (?,?) , (?,?) , (?,?) , (?,?) , (?,?) , (?,?) , (?,?) , (?,?) , (?,?) , (?,?) , (?,?) , (?,?) , (?,?) , (?,?) , (?,?) , (?,?) , (?,?) , (?,?) , (?,?) , (?,?) , (?,?) , (?,?) , (?,?) , (?,?) , (?,?) , (?,?) , (?,?) , (?,?) , (?,?) , (?,?) , (?,?) , (?,?) , (?,?) , (?,?) , (?,?) , (?,?) , (?,?) , (?,?) , (?,?) , (?,?) , (?,?) , (?,?) , (?,?) , (?,?) , (?,?) , (?,?) , (?,?) , (?,?) , (?,?) , (?,?) , (?,?) , (?,?) 
2016-11-20 11:46:59,000 DEBUG batchInsertQuestionToPaper - ==> Parameters: 45(Integer), 77(Integer), 45(Integer), 55(Integer), 45(Integer), 20(Integer), 45(Integer), 42(Integer), 45(Integer), 15(Integer), 45(Integer), 38(Integer), 45(Integer), 27(Integer), 45(Integer), 95(Integer), 45(Integer), 91(Integer), 45(Integer), 92(Integer), 45(Integer), 106(Integer), 45(Integer), 90(Integer), 45(Integer), 5(Integer), 45(Integer), 51(Integer), 45(Integer), 81(Integer), 45(Integer), 96(Integer), 45(Integer), 11(Integer), 45(Integer), 93(Integer), 45(Integer), 52(Integer), 45(Integer), 18(Integer), 45(Integer), 7(Integer), 45(Integer), 80(Integer), 45(Integer), 39(Integer), 45(Integer), 40(Integer), 45(Integer), 66(Integer), 45(Integer), 12(Integer), 45(Integer), 8(Integer), 45(Integer), 62(Integer), 45(Integer), 6(Integer), 45(Integer), 59(Integer), 45(Integer), 24(Integer), 45(Integer), 54(Integer), 45(Integer), 76(Integer), 45(Integer), 79(Integer), 45(Integer), 21(Integer), 45(Integer), 43(Integer), 45(Integer), 23(Integer), 45(Integer), 2(Integer), 45(Integer), 71(Integer), 45(Integer), 25(Integer), 45(Integer), 26(Integer), 45(Integer), 50(Integer), 45(Integer), 16(Integer), 45(Integer), 48(Integer), 45(Integer), 14(Integer), 45(Integer), 19(Integer), 45(Integer), 63(Integer), 45(Integer), 65(Integer), 45(Integer), 17(Integer), 45(Integer), 41(Integer), 45(Integer), 32(Integer), 45(Integer), 53(Integer), 45(Integer), 37(Integer), 45(Integer), 29(Integer), 45(Integer), 31(Integer), 45(Integer), 61(Integer), 45(Integer), 99(Integer), 45(Integer), 58(Integer), 45(Integer), 57(Integer), 45(Integer), 36(Integer), 45(Integer), 34(Integer), 45(Integer), 67(Integer), 45(Integer), 94(Integer), 45(Integer), 9(Integer), 45(Integer), 28(Integer), 45(Integer), 70(Integer), 45(Integer), 68(Integer), 45(Integer), 49(Integer), 45(Integer), 105(Integer), 45(Integer), 69(Integer), 45(Integer), 64(Integer), 45(Integer), 78(Integer), 45(Integer), 13(Integer), 45(Integer), 33(Integer), 45(Integer), 10(Integer), 45(Integer), 22(Integer), 45(Integer), 30(Integer), 45(Integer), 56(Integer), 45(Integer), 47(Integer), 45(Integer), 72(Integer), 45(Integer), 35(Integer)
2016-11-20 11:46:59,015 INFO  LogMethodTimeAspect - Jasper.Yue : ExamServiceImpl : addExam : 156
2016-11-20 11:46:59,015 INFO  LogMethodTimeAspect - Jasper.Yue OUT method: addExam
2016-11-20 11:46:59,031 INFO  TransactionalTestExecutionListener - Rolled back transaction after test execution for test context [TestContext@443007 testClass = ExamControllerTest, testInstance = com.augmentum.controller.ExamControllerTest@1aa5cdb, testMethod = addExamAsDraftSuccessful@ExamControllerTest, testException = [null], mergedContextConfiguration = [MergedContextConfiguration@da3058 testClass = ExamControllerTest, locations = '{classpath:applicationContext.xml, classpath:oes-mvc.xml}', classes = '{}', contextInitializerClasses = '[]', activeProfiles = '{}', contextLoader = 'org.springframework.test.context.support.DelegatingSmartContextLoader', parent = [null]]]
2016-11-20 11:46:59,031 INFO  TransactionalTestExecutionListener - Began transaction (3): transaction manager [org.springframework.jdbc.datasource.DataSourceTransactionManager@7d6e53]; rollback [true]
2016-11-20 11:46:59,031 INFO  LogMethodTimeAspect - Jasper.Yue IN method: addExam
2016-11-20 11:46:59,031 INFO  LogMethodTimeAspect - Jasper.Yue OUT method: addExam
2016-11-20 11:46:59,031 INFO  LogMethodTimeAspect - Jasper.Yue IN method: addExam Throw Exception Data validate error.
2016-11-20 11:46:59,031 INFO  BaseController - com.augmentum.model.User@122f23aData validate error.
com.augmentum.exception.ParamException: Data validate error.
	at com.augmentum.service.impl.ExamServiceImpl.addExam(ExamServiceImpl.java:71)
	at com.augmentum.service.impl.ExamServiceImpl$$FastClassByCGLIB$$630b3673.invoke(<generated>)
	at net.sf.cglib.proxy.MethodProxy.invoke(MethodProxy.java:191)
	at org.springframework.aop.framework.Cglib2AopProxy$CglibMethodInvocation.invokeJoinpoint(Cglib2AopProxy.java:689)
	at org.springframework.aop.framework.ReflectiveMethodInvocation.proceed(ReflectiveMethodInvocation.java:150)
	at org.springframework.aop.framework.adapter.MethodBeforeAdviceInterceptor.invoke(MethodBeforeAdviceInterceptor.java:50)
	at org.springframework.aop.framework.ReflectiveMethodInvocation.proceed(ReflectiveMethodInvocation.java:172)
	at org.springframework.aop.aspectj.MethodInvocationProceedingJoinPoint.proceed(MethodInvocationProceedingJoinPoint.java:80)
	at com.augmentum.advice.LogMethodTimeAspect.doAround(LogMethodTimeAspect.java:31)
	at sun.reflect.NativeMethodAccessorImpl.invoke0(Native Method)
	at sun.reflect.NativeMethodAccessorImpl.invoke(NativeMethodAccessorImpl.java:57)
	at sun.reflect.DelegatingMethodAccessorImpl.invoke(DelegatingMethodAccessorImpl.java:43)
	at java.lang.reflect.Method.invoke(Method.java:606)
	at org.springframework.aop.aspectj.AbstractAspectJAdvice.invokeAdviceMethodWithGivenArgs(AbstractAspectJAdvice.java:621)
	at org.springframework.aop.aspectj.AbstractAspectJAdvice.invokeAdviceMethod(AbstractAspectJAdvice.java:610)
	at org.springframework.aop.aspectj.AspectJAroundAdvice.invoke(AspectJAroundAdvice.java:65)
	at org.springframework.aop.framework.ReflectiveMethodInvocation.proceed(ReflectiveMethodInvocation.java:172)
	at org.springframework.aop.aspectj.AspectJAfterAdvice.invoke(AspectJAfterAdvice.java:42)
	at org.springframework.aop.framework.ReflectiveMethodInvocation.proceed(ReflectiveMethodInvocation.java:172)
	at org.springframework.aop.aspectj.AspectJAfterThrowingAdvice.invoke(AspectJAfterThrowingAdvice.java:55)
	at org.springframework.aop.framework.ReflectiveMethodInvocation.proceed(ReflectiveMethodInvocation.java:172)
	at org.springframework.aop.interceptor.ExposeInvocationInterceptor.invoke(ExposeInvocationInterceptor.java:90)
	at org.springframework.aop.framework.ReflectiveMethodInvocation.proceed(ReflectiveMethodInvocation.java:172)
	at org.springframework.aop.framework.Cglib2AopProxy$DynamicAdvisedInterceptor.intercept(Cglib2AopProxy.java:622)
	at com.augmentum.service.impl.ExamServiceImpl$$EnhancerByCGLIB$$e29900f1.addExam(<generated>)
	at com.augmentum.controller.ExamController.addExam(ExamController.java:76)
	at com.augmentum.controller.ExamControllerTest.addExamValidationLengthFailed(Unknown Source)
	at sun.reflect.NativeMethodAccessorImpl.invoke0(Native Method)
	at sun.reflect.NativeMethodAccessorImpl.invoke(NativeMethodAccessorImpl.java:57)
	at sun.reflect.DelegatingMethodAccessorImpl.invoke(DelegatingMethodAccessorImpl.java:43)
	at java.lang.reflect.Method.invoke(Method.java:606)
	at org.junit.runners.model.FrameworkMethod$1.runReflectiveCall(FrameworkMethod.java:44)
	at org.junit.internal.runners.model.ReflectiveCallable.run(ReflectiveCallable.java:15)
	at org.junit.runners.model.FrameworkMethod.invokeExplosively(FrameworkMethod.java:41)
	at org.junit.internal.runners.statements.InvokeMethod.evaluate(InvokeMethod.java:20)
	at org.junit.internal.runners.statements.RunBefores.evaluate(RunBefores.java:28)
	at org.springframework.test.context.junit4.statements.RunBeforeTestMethodCallbacks.evaluate(RunBeforeTestMethodCallbacks.java:74)
	at org.junit.internal.runners.statements.RunAfters.evaluate(RunAfters.java:31)
	at org.springframework.test.context.junit4.statements.RunAfterTestMethodCallbacks.evaluate(RunAfterTestMethodCallbacks.java:83)
	at org.springframework.test.context.junit4.statements.SpringRepeat.evaluate(SpringRepeat.java:72)
	at org.springframework.test.context.junit4.SpringJUnit4ClassRunner.runChild(SpringJUnit4ClassRunner.java:231)
	at org.springframework.test.context.junit4.SpringJUnit4ClassRunner.runChild(SpringJUnit4ClassRunner.java:88)
	at org.junit.runners.ParentRunner.runChildren(ParentRunner.java:180)
	at org.junit.runners.ParentRunner.access$000(ParentRunner.java:41)
	at org.junit.runners.ParentRunner$1.evaluate(ParentRunner.java:173)
	at org.junit.internal.runners.statements.RunBefores.evaluate(RunBefores.java:28)
	at org.springframework.test.context.junit4.statements.RunBeforeTestClassCallbacks.evaluate(RunBeforeTestClassCallbacks.java:61)
	at org.junit.internal.runners.statements.RunAfters.evaluate(RunAfters.java:31)
	at org.springframework.test.context.junit4.statements.RunAfterTestClassCallbacks.evaluate(RunAfterTestClassCallbacks.java:71)
	at org.junit.runners.ParentRunner.run(ParentRunner.java:220)
	at org.springframework.test.context.junit4.SpringJUnit4ClassRunner.run(SpringJUnit4ClassRunner.java:174)
	at junit.framework.JUnit4TestAdapter.run(JUnit4TestAdapter.java:39)
	at org.apache.tools.ant.taskdefs.optional.junit.JUnitTestRunner.run(JUnitTestRunner.java:523)
	at org.apache.tools.ant.taskdefs.optional.junit.JUnitTestRunner.launch(JUnitTestRunner.java:1063)
	at org.apache.tools.ant.taskdefs.optional.junit.JUnitTestRunner.main(JUnitTestRunner.java:914)
2016-11-20 11:46:59,031 INFO  TransactionalTestExecutionListener - Rolled back transaction after test execution for test context [TestContext@443007 testClass = ExamControllerTest, testInstance = com.augmentum.controller.ExamControllerTest@1accabf, testMethod = addExamValidationLengthFailed@ExamControllerTest, testException = [null], mergedContextConfiguration = [MergedContextConfiguration@da3058 testClass = ExamControllerTest, locations = '{classpath:applicationContext.xml, classpath:oes-mvc.xml}', classes = '{}', contextInitializerClasses = '[]', activeProfiles = '{}', contextLoader = 'org.springframework.test.context.support.DelegatingSmartContextLoader', parent = [null]]]
2016-11-20 11:46:59,031 INFO  TransactionalTestExecutionListener - Began transaction (4): transaction manager [org.springframework.jdbc.datasource.DataSourceTransactionManager@7d6e53]; rollback [true]
2016-11-20 11:46:59,047 INFO  LogMethodTimeAspect - Jasper.Yue IN method: findExamList
2016-11-20 11:46:59,047 DEBUG getExamCount - ooo Using Connection [com.mchange.v2.c3p0.impl.NewProxyConnection@17e5cf5]
2016-11-20 11:46:59,047 DEBUG getExamCount - ==>  Preparing: SELECT COUNT(*) FROM exam WHERE name LIKE ? AND effective_time BETWEEN str_to_date(?, '%Y-%d-%m') AND str_to_date(?, '%Y-%d-%m') 
2016-11-20 11:46:59,047 DEBUG getExamCount - ==> Parameters: %%(String), 2000-01-01(String), 2050-01-01(String)
2016-11-20 11:46:59,047 DEBUG findExamList - ooo Using Connection [com.mchange.v2.c3p0.impl.NewProxyConnection@17e5cf5]
2016-11-20 11:46:59,047 DEBUG findExamList - ==>  Preparing: SELECT id, num, name, need_quantity, fact_quantity, effective_time, duration, creator, status FROM exam WHERE name LIKE ? AND effective_time BETWEEN str_to_date(?, '%Y-%m-%d') AND str_to_date(?, '%Y-%m-%d') LIMIT ?, ? 
2016-11-20 11:46:59,047 DEBUG findExamList - ==> Parameters: %%(String), 2000-01-01(String), 2050-01-01(String), 3(Integer), 3(Integer)
2016-11-20 11:46:59,062 INFO  LogMethodTimeAspect - Jasper.Yue : ExamServiceImpl : findExamList : 15
2016-11-20 11:46:59,062 INFO  LogMethodTimeAspect - Jasper.Yue OUT method: findExamList
2016-11-20 11:46:59,062 INFO  TransactionalTestExecutionListener - Rolled back transaction after test execution for test context [TestContext@443007 testClass = ExamControllerTest, testInstance = com.augmentum.controller.ExamControllerTest@165aff9, testMethod = queryExamListSuccessful@ExamControllerTest, testException = [null], mergedContextConfiguration = [MergedContextConfiguration@da3058 testClass = ExamControllerTest, locations = '{classpath:applicationContext.xml, classpath:oes-mvc.xml}', classes = '{}', contextInitializerClasses = '[]', activeProfiles = '{}', contextLoader = 'org.springframework.test.context.support.DelegatingSmartContextLoader', parent = [null]]]
2016-11-20 11:46:59,062 INFO  TransactionalTestExecutionListener - Began transaction (5): transaction manager [org.springframework.jdbc.datasource.DataSourceTransactionManager@7d6e53]; rollback [true]
2016-11-20 11:46:59,062 INFO  LogMethodTimeAspect - Jasper.Yue IN method: addExam
2016-11-20 11:46:59,062 INFO  LogMethodTimeAspect - Jasper.Yue OUT method: addExam
2016-11-20 11:46:59,062 INFO  LogMethodTimeAspect - Jasper.Yue IN method: addExam Throw Exception Data validate error.
2016-11-20 11:46:59,062 INFO  BaseController - com.augmentum.model.User@1f63a08Data validate error.
com.augmentum.exception.ParamException: Data validate error.
	at com.augmentum.service.impl.ExamServiceImpl.addExam(ExamServiceImpl.java:71)
	at com.augmentum.service.impl.ExamServiceImpl$$FastClassByCGLIB$$630b3673.invoke(<generated>)
	at net.sf.cglib.proxy.MethodProxy.invoke(MethodProxy.java:191)
	at org.springframework.aop.framework.Cglib2AopProxy$CglibMethodInvocation.invokeJoinpoint(Cglib2AopProxy.java:689)
	at org.springframework.aop.framework.ReflectiveMethodInvocation.proceed(ReflectiveMethodInvocation.java:150)
	at org.springframework.aop.framework.adapter.MethodBeforeAdviceInterceptor.invoke(MethodBeforeAdviceInterceptor.java:50)
	at org.springframework.aop.framework.ReflectiveMethodInvocation.proceed(ReflectiveMethodInvocation.java:172)
	at org.springframework.aop.aspectj.MethodInvocationProceedingJoinPoint.proceed(MethodInvocationProceedingJoinPoint.java:80)
	at com.augmentum.advice.LogMethodTimeAspect.doAround(LogMethodTimeAspect.java:31)
	at sun.reflect.NativeMethodAccessorImpl.invoke0(Native Method)
	at sun.reflect.NativeMethodAccessorImpl.invoke(NativeMethodAccessorImpl.java:57)
	at sun.reflect.DelegatingMethodAccessorImpl.invoke(DelegatingMethodAccessorImpl.java:43)
	at java.lang.reflect.Method.invoke(Method.java:606)
	at org.springframework.aop.aspectj.AbstractAspectJAdvice.invokeAdviceMethodWithGivenArgs(AbstractAspectJAdvice.java:621)
	at org.springframework.aop.aspectj.AbstractAspectJAdvice.invokeAdviceMethod(AbstractAspectJAdvice.java:610)
	at org.springframework.aop.aspectj.AspectJAroundAdvice.invoke(AspectJAroundAdvice.java:65)
	at org.springframework.aop.framework.ReflectiveMethodInvocation.proceed(ReflectiveMethodInvocation.java:172)
	at org.springframework.aop.aspectj.AspectJAfterAdvice.invoke(AspectJAfterAdvice.java:42)
	at org.springframework.aop.framework.ReflectiveMethodInvocation.proceed(ReflectiveMethodInvocation.java:172)
	at org.springframework.aop.aspectj.AspectJAfterThrowingAdvice.invoke(AspectJAfterThrowingAdvice.java:55)
	at org.springframework.aop.framework.ReflectiveMethodInvocation.proceed(ReflectiveMethodInvocation.java:172)
	at org.springframework.aop.interceptor.ExposeInvocationInterceptor.invoke(ExposeInvocationInterceptor.java:90)
	at org.springframework.aop.framework.ReflectiveMethodInvocation.proceed(ReflectiveMethodInvocation.java:172)
	at org.springframework.aop.framework.Cglib2AopProxy$DynamicAdvisedInterceptor.intercept(Cglib2AopProxy.java:622)
	at com.augmentum.service.impl.ExamServiceImpl$$EnhancerByCGLIB$$e29900f1.addExam(<generated>)
	at com.augmentum.controller.ExamController.addExam(ExamController.java:76)
	at com.augmentum.controller.ExamControllerTest.addExamValidationFailed(Unknown Source)
	at sun.reflect.NativeMethodAccessorImpl.invoke0(Native Method)
	at sun.reflect.NativeMethodAccessorImpl.invoke(NativeMethodAccessorImpl.java:57)
	at sun.reflect.DelegatingMethodAccessorImpl.invoke(DelegatingMethodAccessorImpl.java:43)
	at java.lang.reflect.Method.invoke(Method.java:606)
	at org.junit.runners.model.FrameworkMethod$1.runReflectiveCall(FrameworkMethod.java:44)
	at org.junit.internal.runners.model.ReflectiveCallable.run(ReflectiveCallable.java:15)
	at org.junit.runners.model.FrameworkMethod.invokeExplosively(FrameworkMethod.java:41)
	at org.junit.internal.runners.statements.InvokeMethod.evaluate(InvokeMethod.java:20)
	at org.junit.internal.runners.statements.RunBefores.evaluate(RunBefores.java:28)
	at org.springframework.test.context.junit4.statements.RunBeforeTestMethodCallbacks.evaluate(RunBeforeTestMethodCallbacks.java:74)
	at org.junit.internal.runners.statements.RunAfters.evaluate(RunAfters.java:31)
	at org.springframework.test.context.junit4.statements.RunAfterTestMethodCallbacks.evaluate(RunAfterTestMethodCallbacks.java:83)
	at org.springframework.test.context.junit4.statements.SpringRepeat.evaluate(SpringRepeat.java:72)
	at org.springframework.test.context.junit4.SpringJUnit4ClassRunner.runChild(SpringJUnit4ClassRunner.java:231)
	at org.springframework.test.context.junit4.SpringJUnit4ClassRunner.runChild(SpringJUnit4ClassRunner.java:88)
	at org.junit.runners.ParentRunner.runChildren(ParentRunner.java:180)
	at org.junit.runners.ParentRunner.access$000(ParentRunner.java:41)
	at org.junit.runners.ParentRunner$1.evaluate(ParentRunner.java:173)
	at org.junit.internal.runners.statements.RunBefores.evaluate(RunBefores.java:28)
	at org.springframework.test.context.junit4.statements.RunBeforeTestClassCallbacks.evaluate(RunBeforeTestClassCallbacks.java:61)
	at org.junit.internal.runners.statements.RunAfters.evaluate(RunAfters.java:31)
	at org.springframework.test.context.junit4.statements.RunAfterTestClassCallbacks.evaluate(RunAfterTestClassCallbacks.java:71)
	at org.junit.runners.ParentRunner.run(ParentRunner.java:220)
	at org.springframework.test.context.junit4.SpringJUnit4ClassRunner.run(SpringJUnit4ClassRunner.java:174)
	at junit.framework.JUnit4TestAdapter.run(JUnit4TestAdapter.java:39)
	at org.apache.tools.ant.taskdefs.optional.junit.JUnitTestRunner.run(JUnitTestRunner.java:523)
	at org.apache.tools.ant.taskdefs.optional.junit.JUnitTestRunner.launch(JUnitTestRunner.java:1063)
	at org.apache.tools.ant.taskdefs.optional.junit.JUnitTestRunner.main(JUnitTestRunner.java:914)
2016-11-20 11:46:59,062 INFO  TransactionalTestExecutionListener - Rolled back transaction after test execution for test context [TestContext@443007 testClass = ExamControllerTest, testInstance = com.augmentum.controller.ExamControllerTest@f0b187, testMethod = addExamValidationFailed@ExamControllerTest, testException = [null], mergedContextConfiguration = [MergedContextConfiguration@da3058 testClass = ExamControllerTest, locations = '{classpath:applicationContext.xml, classpath:oes-mvc.xml}', classes = '{}', contextInitializerClasses = '[]', activeProfiles = '{}', contextLoader = 'org.springframework.test.context.support.DelegatingSmartContextLoader', parent = [null]]]
2016-11-20 11:46:59,062 INFO  TransactionalTestExecutionListener - Began transaction (6): transaction manager [org.springframework.jdbc.datasource.DataSourceTransactionManager@7d6e53]; rollback [true]
2016-11-20 11:46:59,078 INFO  LogMethodTimeAspect - Jasper.Yue IN method: addExam
2016-11-20 11:46:59,078 DEBUG getQuestionCount - ooo Using Connection [com.mchange.v2.c3p0.impl.NewProxyConnection@1e59a4d]
2016-11-20 11:46:59,078 DEBUG getQuestionCount - ==>  Preparing: SELECT COUNT(*) FROM question WHERE del_mark = 0 AND title LIKE ? 
2016-11-20 11:46:59,078 DEBUG getQuestionCount - ==> Parameters: %%(String)
2016-11-20 11:46:59,078 DEBUG findQuestionIdList - ooo Using Connection [com.mchange.v2.c3p0.impl.NewProxyConnection@1e59a4d]
2016-11-20 11:46:59,078 DEBUG findQuestionIdList - ==>  Preparing: SELECT id, answer, refer_mark FROM question ORDER BY RAND() LIMIT ? 
2016-11-20 11:46:59,078 DEBUG findQuestionIdList - ==> Parameters: 20(Integer)
2016-11-20 11:46:59,078 DEBUG batchEditQuestion - ooo Using Connection [com.mchange.v2.c3p0.impl.NewProxyConnection@1e59a4d]
2016-11-20 11:46:59,078 DEBUG batchEditQuestion - ==>  Preparing: UPDATE question SET refer_mark = 1 WHERE id IN ( ? , ? , ? , ? , ? , ? , ? , ? , ? , ? , ? , ? , ? , ? , ? , ? , ? , ? , ? , ? ) 
2016-11-20 11:46:59,078 DEBUG batchEditQuestion - ==> Parameters: 7(Integer), 16(Integer), 12(Integer), 31(Integer), 24(Integer), 71(Integer), 35(Integer), 53(Integer), 48(Integer), 92(Integer), 55(Integer), 56(Integer), 28(Integer), 18(Integer), 34(Integer), 40(Integer), 30(Integer), 26(Integer), 93(Integer), 32(Integer)
2016-11-20 11:46:59,078 DEBUG addExam - ooo Using Connection [com.mchange.v2.c3p0.impl.NewProxyConnection@1e59a4d]
2016-11-20 11:46:59,078 DEBUG addExam - ==>  Preparing: INSERT INTO exam(name, description, single_score, total_score, pass_criteria, need_quantity, fact_quantity, effective_time, duration, creator, answer_str, status, create_time, update_time) VALUES(?, '', ?, ?, ?, ?, ?, str_to_date(?, '%Y-%m-%d %H:%i'), ?, ?, ?, ?, now(), now()) 
2016-11-20 11:46:59,078 DEBUG addExam - ==> Parameters: Test(String), 2.0(Float), 60.0(Float), 60(Integer), 20(Integer), 20(Integer), 2016-11-01 11:00(String), 120(Integer), Jasper.Yue(String), 1,3&2,1&3,1&4,1&5,4&6,2&7,1&8,3&9,1&10,2&11,1&12,3&13,1&14,2&15,1&16,1&17,4&18,1&19,1&20,2(String), 1(Integer)
2016-11-20 11:46:59,078 DEBUG editExam - ooo Using Connection [com.mchange.v2.c3p0.impl.NewProxyConnection@1e59a4d]
2016-11-20 11:46:59,078 DEBUG editExam - ==>  Preparing: UPDATE exam SET num = ? WHERE id = ? 
2016-11-20 11:46:59,078 DEBUG editExam - ==> Parameters: E000046(String), 46(Integer)
2016-11-20 11:46:59,094 DEBUG batchInsertQuestionToPaper - ooo Using Connection [com.mchange.v2.c3p0.impl.NewProxyConnection@1e59a4d]
2016-11-20 11:46:59,094 DEBUG batchInsertQuestionToPaper - ==>  Preparing: INSERT exam_question(exam_id, question_id) VALUES (?,?) , (?,?) , (?,?) , (?,?) , (?,?) , (?,?) , (?,?) , (?,?) , (?,?) , (?,?) , (?,?) , (?,?) , (?,?) , (?,?) , (?,?) , (?,?) , (?,?) , (?,?) , (?,?) , (?,?) 
2016-11-20 11:46:59,094 DEBUG batchInsertQuestionToPaper - ==> Parameters: 46(Integer), 7(Integer), 46(Integer), 16(Integer), 46(Integer), 12(Integer), 46(Integer), 31(Integer), 46(Integer), 24(Integer), 46(Integer), 71(Integer), 46(Integer), 35(Integer), 46(Integer), 53(Integer), 46(Integer), 48(Integer), 46(Integer), 92(Integer), 46(Integer), 55(Integer), 46(Integer), 56(Integer), 46(Integer), 28(Integer), 46(Integer), 18(Integer), 46(Integer), 34(Integer), 46(Integer), 40(Integer), 46(Integer), 30(Integer), 46(Integer), 26(Integer), 46(Integer), 93(Integer), 46(Integer), 32(Integer)
2016-11-20 11:46:59,094 INFO  LogMethodTimeAspect - Jasper.Yue : ExamServiceImpl : addExam : 16
2016-11-20 11:46:59,094 INFO  LogMethodTimeAspect - Jasper.Yue OUT method: addExam
2016-11-20 11:46:59,094 INFO  TransactionalTestExecutionListener - Rolled back transaction after test execution for test context [TestContext@443007 testClass = ExamControllerTest, testInstance = com.augmentum.controller.ExamControllerTest@12ca458, testMethod = addExamSuccessful@ExamControllerTest, testException = [null], mergedContextConfiguration = [MergedContextConfiguration@da3058 testClass = ExamControllerTest, locations = '{classpath:applicationContext.xml, classpath:oes-mvc.xml}', classes = '{}', contextInitializerClasses = '[]', activeProfiles = '{}', contextLoader = 'org.springframework.test.context.support.DelegatingSmartContextLoader', parent = [null]]]
]]></system-out>
  <system-err><![CDATA[]]></system-err>
</testsuite>
